
> funnelhq-360@1.0.0 dev
> NODE_ENV=development tsx server/index.ts

12:04:38 PM [express] serving on port 3000
12:05:21 PM [express] GET /api/notifications 200 in 3ms :: []
12:05:21 PM [express] GET /api/projects 200 in 1ms :: []
12:05:21 PM [express] GET /api/activities 200 in 0ms :: []
12:05:21 PM [express] GET /api/notifications/unread-count 200 in 1ms :: {"count":0}
🔍 Found user roles for org 1 : 3
🔍 Legacy org users: 0 Role-based users: 3
🔍 Total unique users for org: 3
12:05:21 PM [express] GET /api/team/members 200 in 2ms :: [{"id":1,"supabaseId":"00000000-0000-0000-0…
🔍 Found user roles for org 1 : 3
🔍 Legacy org users: 0 Role-based users: 3
🔍 Total unique users for org: 3
12:05:21 PM [express] GET /api/team/members 304 in 1ms :: [{"id":1,"supabaseId":"00000000-0000-0000-0…
12:05:21 PM [express] GET /api/team/invitations 200 in 0ms :: []
12:05:21 PM [express] GET /api/team/invitations 304 in 0ms :: []
12:05:21 PM [express] GET /api/clients 401 in 1ms :: {"error":"User ID required"}
12:05:21 PM [express] GET /api/stats 200 in 1ms :: {"activeProjects":0,"totalClients":0,"monthlyReven…
12:05:31 PM [express] GET /api/billing/1 200 in 13ms :: {"id":1,"clerkOrgId":"org_mock_development","…
12:05:33 PM [express] GET /api/notifications 304 in 1ms :: []
12:05:33 PM [express] GET /api/clients 401 in 0ms :: {"error":"User ID required"}
12:05:33 PM [express] GET /api/notifications/unread-count 304 in 0ms :: {"count":0}
12:05:33 PM [express] GET /api/activities 304 in 0ms :: []
🔍 Found user roles for org 1 : 3
🔍 Legacy org users: 0 Role-based users: 3
🔍 Total unique users for org: 3
12:05:33 PM [express] GET /api/team/members 304 in 1ms :: [{"id":1,"supabaseId":"00000000-0000-0000-0…
🔍 Found user roles for org 1 : 3
🔍 Legacy org users: 0 Role-based users: 3
🔍 Total unique users for org: 3
12:05:33 PM [express] GET /api/team/members 304 in 1ms :: [{"id":1,"supabaseId":"00000000-0000-0000-0…
12:05:33 PM [express] GET /api/team/invitations 304 in 1ms :: []
12:05:33 PM [express] GET /api/team/invitations 304 in 6ms :: []
12:05:33 PM [express] GET /api/stats 304 in 2ms :: {"activeProjects":0,"totalClients":0,"monthlyReven…
12:05:33 PM [express] GET /api/projects 304 in 0ms :: []
12:05:38 PM [express] GET /api/notifications 304 in 0ms :: []
12:05:38 PM [express] GET /api/stats 304 in 0ms :: {"activeProjects":0,"totalClients":0,"monthlyReven…
12:05:38 PM [express] GET /api/notifications/unread-count 304 in 1ms :: {"count":0}
🔍 Found user roles for org 1 : 3
🔍 Legacy org users: 0 Role-based users: 3
🔍 Total unique users for org: 3
12:05:38 PM [express] GET /api/team/members 304 in 1ms :: [{"id":1,"supabaseId":"00000000-0000-0000-0…
12:05:38 PM [express] GET /api/team/invitations 304 in 1ms :: []
12:05:38 PM [express] GET /api/clients 401 in 0ms :: {"error":"User ID required"}
12:05:38 PM [express] GET /api/projects 304 in 0ms :: []
12:05:38 PM [express] GET /api/activities 304 in 0ms :: []
🔍 Found user roles for org 1 : 3
🔍 Legacy org users: 0 Role-based users: 3
🔍 Total unique users for org: 3
12:05:38 PM [express] GET /api/team/members 304 in 0ms :: [{"id":1,"supabaseId":"00000000-0000-0000-0…
12:05:38 PM [express] GET /api/team/invitations 304 in 0ms :: []
12:06:09 PM [express] GET /api/notifications 304 in 1ms :: []
12:06:09 PM [express] GET /api/notifications/unread-count 304 in 2ms :: {"count":0}
12:06:38 PM [express] GET /api/notifications 304 in 1ms :: []
12:06:39 PM [express] GET /api/notifications/unread-count 304 in 0ms :: {"count":0}
12:07:09 PM [express] GET /api/notifications 304 in 1ms :: []
12:07:09 PM [express] GET /api/notifications/unread-count 304 in 2ms :: {"count":0}
12:07:38 PM [express] GET /api/notifications 304 in 1ms :: []
12:07:39 PM [express] GET /api/notifications/unread-count 304 in 1ms :: {"count":0}
12:08:08 PM [express] GET /api/notifications 304 in 3ms :: []
12:08:09 PM [express] GET /api/notifications/unread-count 304 in 2ms :: {"count":0}
12:08:38 PM [express] GET /api/notifications 304 in 1ms :: []
12:08:39 PM [express] GET /api/notifications/unread-count 304 in 1ms :: {"count":0}
12:09:06 PM [vite] hmr update /src/index.css?v=5AuAgVtU7FdIV9QaZxV4g, /src/components/trial-banner.tsx, /src/components/pro-trial-badge.tsx, /src/components/sidebar-plan-info.tsx, /src/components/route-guard.tsx, /src/components/trial-access-guard.tsx
12:09:09 PM [express] GET /api/notifications 304 in 2ms :: []
12:09:09 PM [express] GET /api/notifications/unread-count 304 in 1ms :: {"count":0}
12:09:19 PM [vite] hmr update /src/index.css?v=5AuAgVtU7FdIV9QaZxV4g, /src/components/trial-banner.tsx, /src/components/pro-trial-badge.tsx, /src/components/sidebar-plan-info.tsx, /src/components/route-guard.tsx, /src/components/trial-access-guard.tsx
12:09:39 PM [express] GET /api/notifications 304 in 1ms :: []
12:09:39 PM [express] GET /api/notifications/unread-count 304 in 1ms :: {"count":0}
12:10:18 PM [vite] hmr update /src/components/pro-trial-badge.tsx, /src/index.css?v=5AuAgVtU7FdIV9QaZxV4g
12:10:27 PM [vite] hmr update /src/index.css?v=5AuAgVtU7FdIV9QaZxV4g, /src/components/trial-banner.tsx, /src/components/pro-trial-badge.tsx, /src/components/sidebar-plan-info.tsx, /src/components/route-guard.tsx, /src/components/trial-access-guard.tsx
12:10:40 PM [express] GET /api/notifications 304 in 2ms :: []
12:10:40 PM [express] GET /api/notifications/unread-count 304 in 1ms :: {"count":0}
12:10:52 PM [express] GET /api/auth/me 200 in 6ms
12:11:41 PM [express] GET /api/notifications 304 in 2ms :: []
12:11:41 PM [express] GET /api/notifications/unread-count 304 in 2ms :: {"count":0}
12:11:41 PM [vite] hmr update /src/hooks/useAuth.tsx, /src/index.css?v=5AuAgVtU7FdIV9QaZxV4g
12:11:58 PM [vite] hmr update /src/hooks/useAuth.tsx, /src/index.css?v=5AuAgVtU7FdIV9QaZxV4g
12:12:11 PM [vite] hmr update /src/hooks/useAuth.tsx, /src/index.css?v=5AuAgVtU7FdIV9QaZxV4g
12:12:24 PM [vite] hmr update /src/components/pro-trial-badge.tsx, /src/index.css?v=5AuAgVtU7FdIV9QaZxV4g
12:12:31 PM [vite] hmr update /src/index.css?v=5AuAgVtU7FdIV9QaZxV4g, /src/components/trial-banner.tsx, /src/components/pro-trial-badge.tsx, /src/components/sidebar-plan-info.tsx, /src/components/route-guard.tsx, /src/components/trial-access-guard.tsx
12:12:42 PM [express] GET /api/notifications 304 in 1ms :: []
12:12:42 PM [express] GET /api/notifications/unread-count 304 in 1ms :: {"count":0}
12:13:13 PM [express] GET /api/notifications 304 in 12ms :: []
12:13:13 PM [express] GET /api/notifications/unread-count 304 in 1ms :: {"count":0}
12:13:40 PM [express] GET /api/notifications 200 in 0ms :: []
12:13:40 PM [express] GET /api/stats 200 in 0ms :: {"activeProjects":0,"totalClients":0,"monthlyReven…
12:13:40 PM [express] GET /api/notifications/unread-count 200 in 0ms :: {"count":0}
12:13:40 PM [express] GET /api/projects 200 in 1ms :: []
12:13:40 PM [express] GET /api/activities 200 in 1ms :: []
🔍 Found user roles for org 1 : 3
🔍 Legacy org users: 0 Role-based users: 3
🔍 Total unique users for org: 3
12:13:40 PM [express] GET /api/team/members 200 in 2ms :: [{"id":1,"supabaseId":"00000000-0000-0000-0…
🔍 Found user roles for org 1 : 3
🔍 Legacy org users: 0 Role-based users: 3
🔍 Total unique users for org: 3
12:13:40 PM [express] GET /api/team/members 304 in 0ms :: [{"id":1,"supabaseId":"00000000-0000-0000-0…
12:13:40 PM [express] GET /api/team/invitations 200 in 0ms :: []
12:13:40 PM [express] GET /api/team/invitations 304 in 0ms :: []
12:13:40 PM [express] GET /api/clients 401 in 0ms :: {"error":"User ID required"}
12:13:40 PM [express] GET /api/supabase/users/naveends798%40gmail.com 200 in 1137ms :: {"user":{"id":…
12:13:40 PM [express] GET /api/notifications 200 in 0ms :: []
12:13:40 PM [express] GET /api/notifications/unread-count 200 in 0ms :: {"count":0}
12:13:40 PM [express] GET /api/projects 304 in 0ms :: []
12:13:46 PM [express] GET /api/billing/1 200 in 1ms :: {"id":1,"clerkOrgId":"org_mock_development","n…
12:13:55 PM [express] GET /api/clients 401 in 1ms :: {"error":"User ID required"}
🔍 Found user roles for org 1 : 3
🔍 Legacy org users: 0 Role-based users: 3
🔍 Total unique users for org: 3
12:13:55 PM [express] GET /api/team/members 304 in 1ms :: [{"id":1,"supabaseId":"00000000-0000-0000-0…
12:13:55 PM [express] GET /api/messages/conversations 200 in 4ms :: []
12:13:55 PM [express] GET /api/messages/client-conversations 200 in 0ms :: []
12:13:55 PM [express] GET /api/messages/team-conversations 200 in 1ms :: [{"userId":1,"userName":"Ale…
12:13:57 PM [express] GET /api/notifications 304 in 6ms :: []
12:13:57 PM [express] GET /api/projects 304 in 1ms :: []
12:13:57 PM [express] GET /api/notifications/unread-count 304 in 1ms :: {"count":0}
🔍 Found user roles for org 1 : 3
🔍 Legacy org users: 0 Role-based users: 3
🔍 Total unique users for org: 3
12:13:57 PM [express] GET /api/team/members 304 in 1ms :: [{"id":1,"supabaseId":"00000000-0000-0000-0…
12:13:57 PM [express] GET /api/team/invitations 304 in 0ms :: []
12:13:57 PM [express] GET /api/clients 401 in 1ms :: {"error":"User ID required"}
12:13:57 PM [express] GET /api/stats 304 in 0ms :: {"activeProjects":0,"totalClients":0,"monthlyReven…
12:13:57 PM [express] GET /api/activities 304 in 1ms :: []
🔍 Found user roles for org 1 : 3
🔍 Legacy org users: 0 Role-based users: 3
🔍 Total unique users for org: 3
12:13:57 PM [express] GET /api/team/members 304 in 1ms :: [{"id":1,"supabaseId":"00000000-0000-0000-0…
12:13:57 PM [express] GET /api/team/invitations 304 in 2ms :: []
🔍 Found user roles for org 1 : 3
🔍 Legacy org users: 0 Role-based users: 3
🔍 Total unique users for org: 3
12:13:58 PM [express] GET /api/team/members 304 in 1ms :: [{"id":1,"supabaseId":"00000000-0000-0000-0…
12:13:58 PM [express] GET /api/clients 401 in 1ms :: {"error":"User ID required"}
12:13:58 PM [express] GET /api/team/invitations 304 in 0ms :: []
12:13:58 PM [express] GET /api/projects 200 in 1ms :: []
12:13:59 PM [express] GET /api/onboarding-forms 200 in 1ms :: [{"id":1,"ownerId":1,"organizationId":1…
12:13:59 PM [express] GET /api/projects 304 in 1ms :: []
12:14:01 PM [express] GET /api/notifications 304 in 0ms :: []
12:14:01 PM [express] GET /api/projects 304 in 0ms :: []
12:14:01 PM [express] GET /api/notifications/unread-count 304 in 0ms :: {"count":0}
12:14:01 PM [express] GET /api/activities 304 in 0ms :: []
🔍 Found user roles for org 1 : 3
🔍 Legacy org users: 0 Role-based users: 3
🔍 Total unique users for org: 3
12:14:01 PM [express] GET /api/team/members 304 in 1ms :: [{"id":1,"supabaseId":"00000000-0000-0000-0…
🔍 Found user roles for org 1 : 3
🔍 Legacy org users: 0 Role-based users: 3
🔍 Total unique users for org: 3
12:14:01 PM [express] GET /api/team/members 304 in 1ms :: [{"id":1,"supabaseId":"00000000-0000-0000-0…
12:14:01 PM [express] GET /api/team/invitations 304 in 0ms :: []
12:14:01 PM [express] GET /api/team/invitations 304 in 1ms :: []
12:14:01 PM [express] GET /api/clients 401 in 1ms :: {"error":"User ID required"}
12:14:01 PM [express] GET /api/stats 304 in 1ms :: {"activeProjects":0,"totalClients":0,"monthlyReven…
12:14:03 PM [express] GET /api/clients 401 in 1ms :: {"error":"User ID required"}
🔍 Found user roles for org 1 : 3
🔍 Legacy org users: 0 Role-based users: 3
🔍 Total unique users for org: 3
12:14:04 PM [express] GET /api/team/members 304 in 1ms :: [{"id":1,"supabaseId":"00000000-0000-0000-0…
12:14:04 PM [express] GET /api/clients 401 in 0ms :: {"error":"User ID required"}
12:14:04 PM [express] GET /api/team/invitations 304 in 0ms :: []
12:14:06 PM [express] GET /api/notifications 304 in 1ms :: []
12:14:06 PM [express] GET /api/projects 304 in 0ms :: []
12:14:06 PM [express] GET /api/notifications/unread-count 304 in 0ms :: {"count":0}
12:14:06 PM [express] GET /api/activities 304 in 1ms :: []
🔍 Found user roles for org 1 : 3
🔍 Legacy org users: 0 Role-based users: 3
🔍 Total unique users for org: 3
12:14:06 PM [express] GET /api/team/members 304 in 1ms :: [{"id":1,"supabaseId":"00000000-0000-0000-0…
🔍 Found user roles for org 1 : 3
🔍 Legacy org users: 0 Role-based users: 3
🔍 Total unique users for org: 3
12:14:06 PM [express] GET /api/team/members 304 in 1ms :: [{"id":1,"supabaseId":"00000000-0000-0000-0…
12:14:06 PM [express] GET /api/team/invitations 304 in 0ms :: []
12:14:07 PM [express] GET /api/team/invitations 304 in 1ms :: []
12:14:07 PM [express] GET /api/clients 401 in 1ms :: {"error":"User ID required"}
12:14:07 PM [express] GET /api/stats 304 in 1ms :: {"activeProjects":0,"totalClients":0,"monthlyReven…
12:18:55 PM [vite] hmr update /src/pages/onboarding.tsx, /src/index.css?v=5AuAgVtU7FdIV9QaZxV4g
12:19:12 PM [vite] hmr update /src/pages/admin-onboarding.tsx, /src/index.css?v=5AuAgVtU7FdIV9QaZxV4g
12:19:24 PM [vite] hmr update /src/pages/admin-onboarding.tsx, /src/index.css?v=5AuAgVtU7FdIV9QaZxV4g
12:19:24 PM [vite] hmr update /src/pages/admin-onboarding.tsx, /src/index.css?v=5AuAgVtU7FdIV9QaZxV4g
12:26:15 PM [vite] hmr update /src/components/form-builder.tsx, /src/index.css?v=5AuAgVtU7FdIV9QaZxV4g
12:26:46 PM [express] GET /api/notifications 304 in 2ms :: []
12:26:46 PM [express] GET /api/projects 304 in 0ms :: []
12:26:46 PM [express] GET /api/notifications/unread-count 304 in 0ms :: {"count":0}
12:26:46 PM [express] GET /api/activities 304 in 0ms :: []
🔍 Found user roles for org 1 : 3
🔍 Legacy org users: 0 Role-based users: 3
🔍 Total unique users for org: 3
12:26:46 PM [express] GET /api/team/members 304 in 7ms :: [{"id":1,"supabaseId":"00000000-0000-0000-0…
🔍 Found user roles for org 1 : 3
🔍 Legacy org users: 0 Role-based users: 3
🔍 Total unique users for org: 3
12:26:46 PM [express] GET /api/team/members 304 in 3ms :: [{"id":1,"supabaseId":"00000000-0000-0000-0…
12:26:46 PM [express] GET /api/team/invitations 304 in 2ms :: []
12:26:46 PM [express] GET /api/team/invitations 304 in 1ms :: []
12:26:46 PM [express] GET /api/clients 401 in 0ms :: {"error":"User ID required"}
12:26:46 PM [express] GET /api/stats 304 in 0ms :: {"activeProjects":0,"totalClients":0,"monthlyReven…
12:26:46 PM [vite] Pre-transform error: /Users/home/Documents/FunnelHQ TEST/client/src/pages/admin-onboarding.tsx: Expected corresponding JSX closing tag for <main>. (559:8)

  557 |         </DialogContent>
  558 |       </Dialog>
> 559 |         </div>
      |         ^
  560 |       </main>
  561 |     </>
  562 |   );

> funnelhq-360@1.0.0 dev
> NODE_ENV=development tsx server/index.ts

🔗 SupabaseStorage: Connected to production database
5:32:15 PM [express] serving on port 3000
Creating onboarding form with data: {
  ownerId: 1,
  organizationId: 1,
  title: 'Test Form',
  description: 'A test form',
  fields: [ { type: 'text', label: 'Name', required: true } ],
  isTemplate: false,
  isActive: true,
  createdBy: 1
}
Parsed form data: {
  ownerId: 1,
  organizationId: 1,
  title: 'Test Form',
  description: 'A test form',
  fields: [ { type: 'text', label: 'Name', required: true } ],
  isTemplate: false,
  isActive: true,
  createdBy: 1
}
Error creating onboarding form: {
  code: '23503',
  details: 'Key (owner_id)=(1) is not present in table "users".',
  hint: null,
  message: 'insert or update on table "onboarding_forms" violates foreign key constraint "onboarding_forms_owner_id_fkey"'
}
Error creating onboarding form: {
  code: '23503',
  details: 'Key (owner_id)=(1) is not present in table "users".',
  hint: null,
  message: 'insert or update on table "onboarding_forms" violates foreign key constraint "onboarding_forms_owner_id_fkey"'
}
5:32:37 PM [express] POST /api/onboarding-forms 500 in 619ms :: {"error":"Failed to create onboardin…
5:32:48 PM [express] GET /api/users 200 in 191ms :: [{"id":9,"supabase_id":null,"username":null,"ema…
Creating onboarding form with data: {
  ownerId: 8,
  organizationId: 1,
  title: 'Test Form',
  description: 'A test form',
  fields: [ { type: 'text', label: 'Name', required: true } ],
  isTemplate: false,
  isActive: true,
  createdBy: 8
}
Parsed form data: {
  ownerId: 8,
  organizationId: 1,
  title: 'Test Form',
  description: 'A test form',
  fields: [ { type: 'text', label: 'Name', required: true } ],
  isTemplate: false,
  isActive: true,
  createdBy: 8
}
Error creating onboarding form: {
  code: '23503',
  details: 'Key (organization_id)=(1) is not present in table "organizations".',
  hint: null,
  message: 'insert or update on table "onboarding_forms" violates foreign key constraint "onboarding_forms_organization_id_fkey"'
}
Error creating onboarding form: {
  code: '23503',
  details: 'Key (organization_id)=(1) is not present in table "organizations".',
  hint: null,
  message: 'insert or update on table "onboarding_forms" violates foreign key constraint "onboarding_forms_organization_id_fkey"'
}
5:33:05 PM [express] POST /api/onboarding-forms 500 in 121ms :: {"error":"Failed to create onboardin…
5:33:12 PM [express] GET /api/organizations 200 in 31ms
5:34:55 PM [express] GET /api/organizations/1 200 in 2ms :: {"id":1,"name":"Default Organization","b…
Error creating organization: {
  code: '22003',
  details: null,
  hint: null,
  message: 'integer out of range'
}
5:35:20 PM [express] POST /api/supabase/organizations 500 in 779ms :: {"error":"Failed to create org…
Error creating organization: {
  code: '22003',
  details: null,
  hint: null,
  message: 'integer out of range'
}
5:35:34 PM [express] POST /api/supabase/organizations 500 in 192ms :: {"error":"Failed to create org…
5:35:59 PM [vite] hmr update /src/components/form-builder.tsx, /src/index.css?v=sNChZPJKVKO36QzRYjveF
Creating onboarding form with data: {
  ownerId: 8,
  organizationId: 1,
  title: 'Test Form',
  description: 'A test form',
  fields: [ { type: 'text', label: 'Name', required: true } ],
  isTemplate: false,
  isActive: true,
  createdBy: 8
}
Parsed form data: {
  ownerId: 8,
  organizationId: 1,
  title: 'Test Form',
  description: 'A test form',
  fields: [ { type: 'text', label: 'Name', required: true } ],
  isTemplate: false,
  isActive: true,
  createdBy: 8
}
Error creating onboarding form: {
  code: '23503',
  details: 'Key (organization_id)=(1) is not present in table "organizations".',
  hint: null,
  message: 'insert or update on table "onboarding_forms" violates foreign key constraint "onboarding_forms_organization_id_fkey"'
}
Error creating onboarding form: {
  code: '23503',
  details: 'Key (organization_id)=(1) is not present in table "organizations".',
  hint: null,
  message: 'insert or update on table "onboarding_forms" violates foreign key constraint "onboarding_forms_organization_id_fkey"'
}
5:36:20 PM [express] POST /api/onboarding-forms 500 in 132ms :: {"error":"Failed to create onboardin…
8:12:14 PM [express] GET /api/notifications 200 in 1ms :: []
8:12:14 PM [express] GET /api/notifications/unread-count 200 in 1ms :: {"count":0}
8:12:14 PM [express] GET /api/team/invitations 304 in 1ms :: []
8:12:14 PM [express] GET /api/activities 304 in 0ms :: []
8:12:14 PM [express] GET /api/team/invitations 304 in 0ms :: []
8:12:14 PM [express] GET /api/supabase/users/naveends798%40gmail.com 304 in 604ms :: {"user":{"id":8…
8:12:14 PM [express] GET /api/notifications 304 in 3ms :: []
8:12:14 PM [express] GET /api/notifications/unread-count 304 in 1ms :: {"count":0}
8:12:14 PM [express] GET /api/clients 304 in 616ms :: [{"id":13,"name":"FIXED CLIENT TEST","email":"…
8:12:14 PM [express] GET /api/team/members 304 in 627ms :: [{"id":8,"supabase_id":null,"username":nu…
8:12:14 PM [express] GET /api/stats 304 in 640ms :: {"activeProjects":1,"totalClients":4,"monthlyRev…
8:12:15 PM [express] GET /api/team/members 304 in 153ms :: [{"id":8,"supabase_id":null,"username":nu…
Error fetching client: {
  code: '22P02',
  details: null,
  hint: null,
  message: 'invalid input syntax for type integer: "undefined"'
}
8:12:15 PM [express] GET /api/projects 500 in 819ms :: {"error":"Failed to fetch projects"}
Error fetching client: {
  code: '22P02',
  details: null,
  hint: null,
  message: 'invalid input syntax for type integer: "undefined"'
}
8:12:15 PM [express] GET /api/projects 500 in 149ms :: {"error":"Failed to fetch projects"}
8:12:33 PM [express] GET /api/notifications 200 in 1ms :: []
8:12:33 PM [express] GET /api/notifications/unread-count 200 in 1ms :: {"count":0}
8:12:33 PM [express] GET /api/team/invitations 304 in 1ms :: []
8:12:33 PM [express] GET /api/activities 304 in 0ms :: []
8:12:33 PM [express] GET /api/team/invitations 304 in 1ms :: []
8:12:34 PM [express] GET /api/supabase/users/naveends798%40gmail.com 304 in 189ms :: {"user":{"id":8…
8:12:34 PM [express] GET /api/clients 200 in 189ms :: [{"id":13,"name":"FIXED CLIENT TEST","email":"…
8:12:34 PM [express] GET /api/notifications 304 in 0ms :: []
8:12:34 PM [express] GET /api/notifications/unread-count 304 in 1ms :: {"count":0}
8:12:34 PM [express] GET /api/team/members 200 in 208ms :: [{"id":8,"supabase_id":null,"username":nu…
8:12:34 PM [express] GET /api/stats 200 in 236ms :: {"activeProjects":1,"totalClients":4,"monthlyRev…
8:12:34 PM [express] GET /api/team/members 304 in 79ms :: [{"id":8,"supabase_id":null,"username":nul…
Error fetching client: {
  code: '22P02',
  details: null,
  hint: null,
  message: 'invalid input syntax for type integer: "undefined"'
}
8:12:34 PM [express] GET /api/projects 500 in 358ms :: {"error":"Failed to fetch projects"}
Error fetching client: {
  code: '22P02',
  details: null,
  hint: null,
  message: 'invalid input syntax for type integer: "undefined"'
}
8:12:34 PM [express] GET /api/projects 500 in 159ms :: {"error":"Failed to fetch projects"}
